{"log": "Antrag mit RVNR 65 170839 J 008 eingegangen", "stream": "stdout", "time": "2026-07-04T10:00:01.000000000Z", "kubernetes": {"pod_name": "detecto-app-7d9f", "namespace": "prod", "container_name": "antragservice"}, "level": "info"}
{"log": "Verarbeitung vsnr=65170839J008 abgeschlossen", "stream": "stdout", "time": "2026-07-04T10:00:02.000000000Z", "kubernetes": {"pod_name": "detecto-app-7d9f", "namespace": "prod", "container_name": "antragservice"}, "level": "info"}
{"log": "Stammsatz geladen RVNR:65170839J008", "stream": "stdout", "time": "2026-07-04T10:00:03.000000000Z", "kubernetes": {"pod_name": "detecto-app-7d9f", "namespace": "prod", "container_name": "stammdatendao"}, "level": "info"}
{"log": "Rueckruf unter +49 30 1234 5678 vereinbart", "stream": "stdout", "time": "2026-07-04T10:00:04.000000000Z", "kubernetes": {"pod_name": "detecto-app-7d9f", "namespace": "prod", "container_name": "kontaktservice"}, "level": "info"}
{"log": "Ueberweisung auf DE89 3704 0044 0532 0130 00 veranlasst", "stream": "stdout", "time": "2026-07-04T10:00:05.000000000Z", "kubernetes": {"pod_name": "detecto-app-7d9f", "namespace": "prod", "container_name": "zahlungservice"}, "level": "info"}
{"log": "Zahlung mit Karte 4532 1111 2222 3333 abgelehnt", "stream": "stdout", "time": "2026-07-04T10:00:06.000000000Z", "kubernetes": {"pod_name": "detecto-app-7d9f", "namespace": "prod", "container_name": "zahlungservice"}, "level": "warn"}
{"log": "Dump enthaelt -----BEGIN RSA PRIVATE KEY----- Fragment", "stream": "stdout", "time": "2026-07-04T10:00:07.000000000Z", "kubernetes": {"pod_name": "detecto-app-7d9f", "namespace": "prod", "container_name": "dumpwriter"}, "level": "error"}
{"log": "Request {\"login\":\"m.weber\",\"password\":\"W1nter#Geh31m\"} verarbeitet", "stream": "stdout", "time": "2026-07-04T10:00:08.000000000Z", "kubernetes": {"pod_name": "detecto-app-7d9f", "namespace": "prod", "container_name": "authcontroller"}, "level": "info"}
{"log": "Anmeldung fehlgeschlagen password = Fr3itag$2026", "stream": "stdout", "time": "2026-07-04T10:00:09.000000000Z", "kubernetes": {"pod_name": "detecto-app-7d9f", "namespace": "prod", "container_name": "authcontroller"}, "level": "info"}
{"log": "Skript ausgefuehrt identified by S3cret#99 durch DBA", "stream": "stdout", "time": "2026-07-04T10:00:10.000000000Z", "kubernetes": {"pod_name": "detecto-app-7d9f", "namespace": "prod", "container_name": "dbadmin"}, "level": "info"}
{"log": "Header authorization: Bearer eyJhbGciOiJIUzI1NiJ9.eyJzdWIiOiIxMjMifQ.sflKxwRJSMeKKF2QT4", "stream": "stdout", "time": "2026-07-04T10:00:11.000000000Z", "kubernetes": {"pod_name": "detecto-app-7d9f", "namespace": "prod", "container_name": "securityfilter"}, "level": "info"}
{"log": "Neue Session JSESSIONID:9A3B2C1D4E5F6789 erstellt", "stream": "stdout", "time": "2026-07-04T10:00:12.000000000Z", "kubernetes": {"pod_name": "detecto-app-7d9f", "namespace": "prod", "container_name": "sessionmanager"}, "level": "info"}
{"log": "Verbindung jdbc:oracle://db01:1521/PROD aufgebaut", "stream": "stdout", "time": "2026-07-04T10:00:13.000000000Z", "kubernetes": {"pod_name": "detecto-app-7d9f", "namespace": "prod", "container_name": "connectionpool"}, "level": "info"}
{"log": "Deployment api_key=Xk29fLpQ7 erfolgreich", "stream": "stdout", "time": "2026-07-04T10:00:14.000000000Z", "kubernetes": {"pod_name": "detecto-app-7d9f", "namespace": "prod", "container_name": "deployjob"}, "level": "info"}
{"log": "Key im Repo gefunden AKIAIOSFODNN7EXAMPLE bitte rotieren", "stream": "stdout", "time": "2026-07-04T10:00:15.000000000Z", "kubernetes": {"pod_name": "detecto-app-7d9f", "namespace": "prod", "container_name": "secretscanner"}, "level": "warn"}
{"log": "Commit enthaelt ghp_a1B2c3D4e5F6g7H8i9J0k1L2m3N4o5P6q7R8", "stream": "stdout", "time": "2026-07-04T10:00:16.000000000Z", "kubernetes": {"pod_name": "detecto-app-7d9f", "namespace": "prod", "container_name": "secretscanner"}, "level": "warn"}
{"log": "Webhook nutzt xoxb-123456789012-AbCdEfGhIjKl", "stream": "stdout", "time": "2026-07-04T10:00:17.000000000Z", "kubernetes": {"pod_name": "detecto-app-7d9f", "namespace": "prod", "container_name": "secretscanner"}, "level": "warn"}
{"log": "Storage konfiguriert AccountKey aBcDeF1234567890aBcDeF1234567890aBcDeF12345678==", "stream": "stdout", "time": "2026-07-04T10:00:18.000000000Z", "kubernetes": {"pod_name": "detecto-app-7d9f", "namespace": "prod", "container_name": "storageconfig"}, "level": "info"}
{"log": "Checkout von git@intranet.example:detecto/core.git", "stream": "stdout", "time": "2026-07-04T10:00:19.000000000Z", "kubernetes": {"pod_name": "detecto-app-7d9f", "namespace": "prod", "container_name": "cirunner"}, "level": "info"}
{"log": "Kontakt max.mustermann@example.org hinterlegt", "stream": "stdout", "time": "2026-07-04T10:00:20.000000000Z", "kubernetes": {"pod_name": "detecto-app-7d9f", "namespace": "prod", "container_name": "kontaktservice"}, "level": "info"}
{"log": "Zustellung an Hauptstrasse 12 beauftragt", "stream": "stdout", "time": "2026-07-04T10:00:21.000000000Z", "kubernetes": {"pod_name": "detecto-app-7d9f", "namespace": "prod", "container_name": "versandservice"}, "level": "info"}
{"log": "Meldeanschrift 10115 Berlin uebernommen", "stream": "stdout", "time": "2026-07-04T10:00:22.000000000Z", "kubernetes": {"pod_name": "detecto-app-7d9f", "namespace": "prod", "container_name": "versandservice"}, "level": "info"}
{"log": "Steuerbescheid zur Steuer-ID 12345678901 versendet", "stream": "stdout", "time": "2026-07-04T10:00:23.000000000Z", "kubernetes": {"pod_name": "detecto-app-7d9f", "namespace": "prod", "container_name": "steuerservice"}, "level": "info"}
{"log": "Versichertenkarte A123456789 eingelesen", "stream": "stdout", "time": "2026-07-04T10:00:24.000000000Z", "kubernetes": {"pod_name": "detecto-app-7d9f", "namespace": "prod", "container_name": "krankenkassedao"}, "level": "info"}
{"log": "Ausweis L01X00T471 geprueft", "stream": "stdout", "time": "2026-07-04T10:00:25.000000000Z", "kubernetes": {"pod_name": "detecto-app-7d9f", "namespace": "prod", "container_name": "ausweispruefer"}, "level": "info"}
{"log": "Firma erfasst HRB 98765 Amtsgericht Muenchen", "stream": "stdout", "time": "2026-07-04T10:00:26.000000000Z", "kubernetes": {"pod_name": "detecto-app-7d9f", "namespace": "prod", "container_name": "firmenservice"}, "level": "info"}
{"log": "Rechnung mit USt-IdNr DE811907980 gestellt", "stream": "stdout", "time": "2026-07-04T10:00:27.000000000Z", "kubernetes": {"pod_name": "detecto-app-7d9f", "namespace": "prod", "container_name": "rechnungservice"}, "level": "info"}
{"log": "Ueberweisung via COBADEFFXXX gebucht", "stream": "stdout", "time": "2026-07-04T10:00:28.000000000Z", "kubernetes": {"pod_name": "detecto-app-7d9f", "namespace": "prod", "container_name": "zahlungservice"}, "level": "info"}
{"log": "Verfahren S 12 R 345/20 terminiert", "stream": "stdout", "time": "2026-07-04T10:00:29.000000000Z", "kubernetes": {"pod_name": "detecto-app-7d9f", "namespace": "prod", "container_name": "sgverfahren"}, "level": "info"}
{"log": "Zugriff von 203.0.113.42 protokolliert", "stream": "stdout", "time": "2026-07-04T10:00:30.000000000Z", "kubernetes": {"pod_name": "detecto-app-7d9f", "namespace": "prod", "container_name": "accesslog"}, "level": "info"}
{"log": "Backend erreichbar unter 192.168.1.100", "stream": "stdout", "time": "2026-07-04T10:00:31.000000000Z", "kubernetes": {"pod_name": "detecto-app-7d9f", "namespace": "prod", "container_name": "accesslog"}, "level": "info"}
{"log": "Geraet 00:1A:2B:3C:4D:5E registriert", "stream": "stdout", "time": "2026-07-04T10:00:32.000000000Z", "kubernetes": {"pod_name": "detecto-app-7d9f", "namespace": "prod", "container_name": "deviceregistry"}, "level": "info"}
{"log": "Endgeraet mit IMEI 490154203237518 gemeldet", "stream": "stdout", "time": "2026-07-04T10:00:33.000000000Z", "kubernetes": {"pod_name": "detecto-app-7d9f", "namespace": "prod", "container_name": "deviceregistry"}, "level": "info"}
{"log": "Fahrzeug B-XY 987 zugeordnet", "stream": "stdout", "time": "2026-07-04T10:00:34.000000000Z", "kubernetes": {"pod_name": "detecto-app-7d9f", "namespace": "prod", "container_name": "fuhrparkservice"}, "level": "info"}
{"log": "Aktivierung mit ABCD1-EF234-GH567 erfolgreich", "stream": "stdout", "time": "2026-07-04T10:00:35.000000000Z", "kubernetes": {"pod_name": "detecto-app-7d9f", "namespace": "prod", "container_name": "lizenzservice"}, "level": "info"}
{"log": "Dokument als VS-NfD eingestuft", "stream": "stdout", "time": "2026-07-04T10:00:36.000000000Z", "kubernetes": {"pod_name": "detecto-app-7d9f", "namespace": "prod", "container_name": "classifyservice"}, "level": "warn"}
{"log": "Anlage traegt Vermerk STRENG GEHEIM", "stream": "stdout", "time": "2026-07-04T10:00:37.000000000Z", "kubernetes": {"pod_name": "detecto-app-7d9f", "namespace": "prod", "container_name": "classifyservice"}, "level": "warn"}
{"log": "Datei klassifiziert als NATO SECRET", "stream": "stdout", "time": "2026-07-04T10:00:38.000000000Z", "kubernetes": {"pod_name": "detecto-app-7d9f", "namespace": "prod", "container_name": "classifyservice"}, "level": "warn"}
{"log": "Sperrvermerk im Melderegister gesetzt", "stream": "stdout", "time": "2026-07-04T10:00:39.000000000Z", "kubernetes": {"pod_name": "detecto-app-7d9f", "namespace": "prod", "container_name": "melderegisterdao"}, "level": "info"}
{"log": "Vorname Anna im Formular uebernommen", "stream": "stdout", "time": "2026-07-04T10:00:40.000000000Z", "kubernetes": {"pod_name": "detecto-app-7d9f", "namespace": "prod", "container_name": "formularservice"}, "level": "info"}
{"log": "Sachbearbeiter Schmidt hat Vorgang uebernommen", "stream": "stdout", "time": "2026-07-04T10:00:41.000000000Z", "kubernetes": {"pod_name": "detecto-app-7d9f", "namespace": "prod", "container_name": "vorgangservice"}, "level": "info"}
{"log": "Umzug nach Hamburg gemeldet", "stream": "stdout", "time": "2026-07-04T10:00:42.000000000Z", "kubernetes": {"pod_name": "detecto-app-7d9f", "namespace": "prod", "container_name": "melderegisterdao"}, "level": "info"}
{"log": "Befund Diabetes dokumentiert", "stream": "stdout", "time": "2026-07-04T10:00:43.000000000Z", "kubernetes": {"pod_name": "detecto-app-7d9f", "namespace": "prod", "container_name": "befundservice"}, "level": "info"}
{"log": "Diagnose:F32.1 an Kasse uebermittelt", "stream": "stdout", "time": "2026-07-04T10:00:44.000000000Z", "kubernetes": {"pod_name": "detecto-app-7d9f", "namespace": "prod", "container_name": "befundservice"}, "level": "info"}
{"log": "Blutgruppe: AB+ im Notfallpass vermerkt", "stream": "stdout", "time": "2026-07-04T10:00:45.000000000Z", "kubernetes": {"pod_name": "detecto-app-7d9f", "namespace": "prod", "container_name": "notfallservice"}, "level": "info"}
{"log": "Pflegegrad 3 bewilligt", "stream": "stdout", "time": "2026-07-04T10:00:46.000000000Z", "kubernetes": {"pod_name": "detecto-app-7d9f", "namespace": "prod", "container_name": "pflegeservice"}, "level": "info"}
{"log": "GdB 50 anerkannt", "stream": "stdout", "time": "2026-07-04T10:00:47.000000000Z", "kubernetes": {"pod_name": "detecto-app-7d9f", "namespace": "prod", "container_name": "schwerbehservice"}, "level": "info"}
{"log": "Gehalt 4850 EUR ausgezahlt", "stream": "stdout", "time": "2026-07-04T10:00:48.000000000Z", "kubernetes": {"pod_name": "detecto-app-7d9f", "namespace": "prod", "container_name": "gehaltservice"}, "level": "info"}
{"log": "Sterbedatum 2025-11-03 nacherfasst", "stream": "stdout", "time": "2026-07-04T10:00:49.000000000Z", "kubernetes": {"pod_name": "detecto-app-7d9f", "namespace": "prod", "container_name": "sterbefalldao"}, "level": "info"}
{"log": "Entgeltpunkte 34.5 berechnet", "stream": "stdout", "time": "2026-07-04T10:00:50.000000000Z", "kubernetes": {"pod_name": "detecto-app-7d9f", "namespace": "prod", "container_name": "renteservice"}, "level": "info"}
{"log": "Geburtsdatum 1983-05-17 verifiziert", "stream": "stdout", "time": "2026-07-04T10:00:51.000000000Z", "kubernetes": {"pod_name": "detecto-app-7d9f", "namespace": "prod", "container_name": "geburtsdatumdao"}, "level": "info"}
