04-Jul-2026 10:00:01.000 INFO  [http-nio-8080-exec-1] de.app.AntragService.run Antrag mit RVNR 65 170839 J 008 eingegangen
04-Jul-2026 10:00:02.000 INFO  [http-nio-8080-exec-1] de.app.AntragService.run Verarbeitung vsnr=65170839J008 abgeschlossen
04-Jul-2026 10:00:03.000 INFO  [http-nio-8080-exec-1] de.app.StammdatenDAO.run Stammsatz geladen RVNR:65170839J008
04-Jul-2026 10:00:04.000 INFO  [http-nio-8080-exec-1] de.app.KontaktService.run Rueckruf unter +49 30 1234 5678 vereinbart
04-Jul-2026 10:00:05.000 INFO  [http-nio-8080-exec-1] de.app.ZahlungService.run Ueberweisung auf DE89 3704 0044 0532 0130 00 veranlasst
04-Jul-2026 10:00:06.000 WARN  [http-nio-8080-exec-1] de.app.ZahlungService.run Zahlung mit Karte 4532 1111 2222 3333 abgelehnt
04-Jul-2026 10:00:07.000 ERROR [http-nio-8080-exec-1] de.app.DumpWriter.run Dump enthaelt -----BEGIN RSA PRIVATE KEY----- Fragment
04-Jul-2026 10:00:08.000 INFO  [http-nio-8080-exec-1] de.app.AuthController.run Request {"login":"m.weber","password":"W1nter#Geh31m"} verarbeitet
04-Jul-2026 10:00:09.000 INFO  [http-nio-8080-exec-1] de.app.AuthController.run Anmeldung fehlgeschlagen password = Fr3itag$2026
04-Jul-2026 10:00:10.000 INFO  [http-nio-8080-exec-1] de.app.DBAdmin.run Skript ausgefuehrt identified by S3cret#99 durch DBA
04-Jul-2026 10:00:11.000 INFO  [http-nio-8080-exec-1] de.app.SecurityFilter.run Header authorization: Bearer eyJhbGciOiJIUzI1NiJ9.eyJzdWIiOiIxMjMifQ.sflKxwRJSMeKKF2QT4
04-Jul-2026 10:00:12.000 INFO  [http-nio-8080-exec-1] de.app.SessionManager.run Neue Session JSESSIONID:9A3B2C1D4E5F6789 erstellt
04-Jul-2026 10:00:13.000 INFO  [http-nio-8080-exec-1] de.app.ConnectionPool.run Verbindung jdbc:oracle://db01:1521/PROD aufgebaut
04-Jul-2026 10:00:14.000 INFO  [http-nio-8080-exec-1] de.app.DeployJob.run Deployment api_key=Xk29fLpQ7 erfolgreich
04-Jul-2026 10:00:15.000 WARN  [http-nio-8080-exec-1] de.app.SecretScanner.run Key im Repo gefunden AKIAIOSFODNN7EXAMPLE bitte rotieren
04-Jul-2026 10:00:16.000 WARN  [http-nio-8080-exec-1] de.app.SecretScanner.run Commit enthaelt ghp_a1B2c3D4e5F6g7H8i9J0k1L2m3N4o5P6q7R8
04-Jul-2026 10:00:17.000 WARN  [http-nio-8080-exec-1] de.app.SecretScanner.run Webhook nutzt xoxb-123456789012-AbCdEfGhIjKl
04-Jul-2026 10:00:18.000 INFO  [http-nio-8080-exec-1] de.app.StorageConfig.run Storage konfiguriert AccountKey aBcDeF1234567890aBcDeF1234567890aBcDeF12345678==
04-Jul-2026 10:00:19.000 INFO  [http-nio-8080-exec-1] de.app.CiRunner.run Checkout von git@intranet.example:detecto/core.git
04-Jul-2026 10:00:20.000 INFO  [http-nio-8080-exec-1] de.app.KontaktService.run Kontakt max.mustermann@example.org hinterlegt
04-Jul-2026 10:00:21.000 INFO  [http-nio-8080-exec-1] de.app.VersandService.run Zustellung an Hauptstrasse 12 beauftragt
04-Jul-2026 10:00:22.000 INFO  [http-nio-8080-exec-1] de.app.VersandService.run Meldeanschrift 10115 Berlin uebernommen
04-Jul-2026 10:00:23.000 INFO  [http-nio-8080-exec-1] de.app.SteuerService.run Steuerbescheid zur Steuer-ID 12345678901 versendet
04-Jul-2026 10:00:24.000 INFO  [http-nio-8080-exec-1] de.app.KrankenkasseDAO.run Versichertenkarte A123456789 eingelesen
04-Jul-2026 10:00:25.000 INFO  [http-nio-8080-exec-1] de.app.AusweisPruefer.run Ausweis L01X00T471 geprueft
04-Jul-2026 10:00:26.000 INFO  [http-nio-8080-exec-1] de.app.FirmenService.run Firma erfasst HRB 98765 Amtsgericht Muenchen
04-Jul-2026 10:00:27.000 INFO  [http-nio-8080-exec-1] de.app.RechnungService.run Rechnung mit USt-IdNr DE811907980 gestellt
04-Jul-2026 10:00:28.000 INFO  [http-nio-8080-exec-1] de.app.ZahlungService.run Ueberweisung via COBADEFFXXX gebucht
04-Jul-2026 10:00:29.000 INFO  [http-nio-8080-exec-1] de.app.SGVerfahren.run Verfahren S 12 R 345/20 terminiert
04-Jul-2026 10:00:30.000 INFO  [http-nio-8080-exec-1] de.app.AccessLog.run Zugriff von 203.0.113.42 protokolliert
04-Jul-2026 10:00:31.000 INFO  [http-nio-8080-exec-1] de.app.AccessLog.run Backend erreichbar unter 192.168.1.100
04-Jul-2026 10:00:32.000 INFO  [http-nio-8080-exec-1] de.app.DeviceRegistry.run Geraet 00:1A:2B:3C:4D:5E registriert
04-Jul-2026 10:00:33.000 INFO  [http-nio-8080-exec-1] de.app.DeviceRegistry.run Endgeraet mit IMEI 490154203237518 gemeldet
04-Jul-2026 10:00:34.000 INFO  [http-nio-8080-exec-1] de.app.FuhrparkService.run Fahrzeug B-XY 987 zugeordnet
04-Jul-2026 10:00:35.000 INFO  [http-nio-8080-exec-1] de.app.LizenzService.run Aktivierung mit ABCD1-EF234-GH567 erfolgreich
04-Jul-2026 10:00:36.000 WARN  [http-nio-8080-exec-1] de.app.ClassifyService.run Dokument als VS-NfD eingestuft
04-Jul-2026 10:00:37.000 WARN  [http-nio-8080-exec-1] de.app.ClassifyService.run Anlage traegt Vermerk STRENG GEHEIM
04-Jul-2026 10:00:38.000 WARN  [http-nio-8080-exec-1] de.app.ClassifyService.run Datei klassifiziert als NATO SECRET
04-Jul-2026 10:00:39.000 INFO  [http-nio-8080-exec-1] de.app.MelderegisterDAO.run Sperrvermerk im Melderegister gesetzt
04-Jul-2026 10:00:40.000 INFO  [http-nio-8080-exec-1] de.app.FormularService.run Vorname Anna im Formular uebernommen
04-Jul-2026 10:00:41.000 INFO  [http-nio-8080-exec-1] de.app.VorgangService.run Sachbearbeiter Schmidt hat Vorgang uebernommen
04-Jul-2026 10:00:42.000 INFO  [http-nio-8080-exec-1] de.app.MelderegisterDAO.run Umzug nach Hamburg gemeldet
04-Jul-2026 10:00:43.000 INFO  [http-nio-8080-exec-1] de.app.BefundService.run Befund Diabetes dokumentiert
04-Jul-2026 10:00:44.000 INFO  [http-nio-8080-exec-1] de.app.BefundService.run Diagnose:F32.1 an Kasse uebermittelt
04-Jul-2026 10:00:45.000 INFO  [http-nio-8080-exec-1] de.app.NotfallService.run Blutgruppe: AB+ im Notfallpass vermerkt
04-Jul-2026 10:00:46.000 INFO  [http-nio-8080-exec-1] de.app.PflegeService.run Pflegegrad 3 bewilligt
04-Jul-2026 10:00:47.000 INFO  [http-nio-8080-exec-1] de.app.SchwerbehService.run GdB 50 anerkannt
04-Jul-2026 10:00:48.000 INFO  [http-nio-8080-exec-1] de.app.GehaltService.run Gehalt 4850 EUR ausgezahlt
04-Jul-2026 10:00:49.000 INFO  [http-nio-8080-exec-1] de.app.SterbefallDAO.run Sterbedatum 2025-11-03 nacherfasst
04-Jul-2026 10:00:50.000 INFO  [http-nio-8080-exec-1] de.app.RenteService.run Entgeltpunkte 34.5 berechnet
04-Jul-2026 10:00:51.000 INFO  [http-nio-8080-exec-1] de.app.GeburtsdatumDAO.run Geburtsdatum 1983-05-17 verifiziert
