2026-07-04 10:00:01.000  INFO  12345 --- [main] de.app.AntragService     : Antrag mit RVNR 65 170839 J 008 eingegangen
2026-07-04 10:00:02.000  INFO  12345 --- [main] de.app.AntragService     : Verarbeitung vsnr=65170839J008 abgeschlossen
2026-07-04 10:00:03.000  INFO  12345 --- [main] de.app.StammdatenDAO     : Stammsatz geladen RVNR:65170839J008
2026-07-04 10:00:04.000  INFO  12345 --- [main] de.app.KontaktService    : Rueckruf unter +49 30 1234 5678 vereinbart
2026-07-04 10:00:05.000  INFO  12345 --- [main] de.app.ZahlungService    : Ueberweisung auf DE89 3704 0044 0532 0130 00 veranlasst
2026-07-04 10:00:06.000  WARN  12345 --- [main] de.app.ZahlungService    : Zahlung mit Karte 4532 1111 2222 3333 abgelehnt
2026-07-04 10:00:07.000  ERROR 12345 --- [main] de.app.DumpWriter        : Dump enthaelt -----BEGIN RSA PRIVATE KEY----- Fragment
2026-07-04 10:00:08.000  INFO  12345 --- [main] de.app.AuthController    : Request {"login":"m.weber","password":"W1nter#Geh31m"} verarbeitet
2026-07-04 10:00:09.000  INFO  12345 --- [main] de.app.AuthController    : Anmeldung fehlgeschlagen password = Fr3itag$2026
2026-07-04 10:00:10.000  INFO  12345 --- [main] de.app.DBAdmin           : Skript ausgefuehrt identified by S3cret#99 durch DBA
2026-07-04 10:00:11.000  INFO  12345 --- [main] de.app.SecurityFilter    : Header authorization: Bearer eyJhbGciOiJIUzI1NiJ9.eyJzdWIiOiIxMjMifQ.sflKxwRJSMeKKF2QT4
2026-07-04 10:00:12.000  INFO  12345 --- [main] de.app.SessionManager    : Neue Session JSESSIONID:9A3B2C1D4E5F6789 erstellt
2026-07-04 10:00:13.000  INFO  12345 --- [main] de.app.ConnectionPool    : Verbindung jdbc:oracle://db01:1521/PROD aufgebaut
2026-07-04 10:00:14.000  INFO  12345 --- [main] de.app.DeployJob         : Deployment api_key=Xk29fLpQ7 erfolgreich
2026-07-04 10:00:15.000  WARN  12345 --- [main] de.app.SecretScanner     : Key im Repo gefunden AKIAIOSFODNN7EXAMPLE bitte rotieren
2026-07-04 10:00:16.000  WARN  12345 --- [main] de.app.SecretScanner     : Commit enthaelt ghp_a1B2c3D4e5F6g7H8i9J0k1L2m3N4o5P6q7R8
2026-07-04 10:00:17.000  WARN  12345 --- [main] de.app.SecretScanner     : Webhook nutzt xoxb-123456789012-AbCdEfGhIjKl
2026-07-04 10:00:18.000  INFO  12345 --- [main] de.app.StorageConfig     : Storage konfiguriert AccountKey aBcDeF1234567890aBcDeF1234567890aBcDeF12345678==
2026-07-04 10:00:19.000  INFO  12345 --- [main] de.app.CiRunner          : Checkout von git@intranet.example:detecto/core.git
2026-07-04 10:00:20.000  INFO  12345 --- [main] de.app.KontaktService    : Kontakt max.mustermann@example.org hinterlegt
2026-07-04 10:00:21.000  INFO  12345 --- [main] de.app.VersandService    : Zustellung an Hauptstrasse 12 beauftragt
2026-07-04 10:00:22.000  INFO  12345 --- [main] de.app.VersandService    : Meldeanschrift 10115 Berlin uebernommen
2026-07-04 10:00:23.000  INFO  12345 --- [main] de.app.SteuerService     : Steuerbescheid zur Steuer-ID 12345678901 versendet
2026-07-04 10:00:24.000  INFO  12345 --- [main] de.app.KrankenkasseDAO   : Versichertenkarte A123456789 eingelesen
2026-07-04 10:00:25.000  INFO  12345 --- [main] de.app.AusweisPruefer    : Ausweis L01X00T471 geprueft
2026-07-04 10:00:26.000  INFO  12345 --- [main] de.app.FirmenService     : Firma erfasst HRB 98765 Amtsgericht Muenchen
2026-07-04 10:00:27.000  INFO  12345 --- [main] de.app.RechnungService   : Rechnung mit USt-IdNr DE811907980 gestellt
2026-07-04 10:00:28.000  INFO  12345 --- [main] de.app.ZahlungService    : Ueberweisung via COBADEFFXXX gebucht
2026-07-04 10:00:29.000  INFO  12345 --- [main] de.app.SGVerfahren       : Verfahren S 12 R 345/20 terminiert
2026-07-04 10:00:30.000  INFO  12345 --- [main] de.app.AccessLog         : Zugriff von 203.0.113.42 protokolliert
2026-07-04 10:00:31.000  INFO  12345 --- [main] de.app.AccessLog         : Backend erreichbar unter 192.168.1.100
2026-07-04 10:00:32.000  INFO  12345 --- [main] de.app.DeviceRegistry    : Geraet 00:1A:2B:3C:4D:5E registriert
2026-07-04 10:00:33.000  INFO  12345 --- [main] de.app.DeviceRegistry    : Endgeraet mit IMEI 490154203237518 gemeldet
2026-07-04 10:00:34.000  INFO  12345 --- [main] de.app.FuhrparkService   : Fahrzeug B-XY 987 zugeordnet
2026-07-04 10:00:35.000  INFO  12345 --- [main] de.app.LizenzService     : Aktivierung mit ABCD1-EF234-GH567 erfolgreich
2026-07-04 10:00:36.000  WARN  12345 --- [main] de.app.ClassifyService   : Dokument als VS-NfD eingestuft
2026-07-04 10:00:37.000  WARN  12345 --- [main] de.app.ClassifyService   : Anlage traegt Vermerk STRENG GEHEIM
2026-07-04 10:00:38.000  WARN  12345 --- [main] de.app.ClassifyService   : Datei klassifiziert als NATO SECRET
2026-07-04 10:00:39.000  INFO  12345 --- [main] de.app.MelderegisterDAO  : Sperrvermerk im Melderegister gesetzt
2026-07-04 10:00:40.000  INFO  12345 --- [main] de.app.FormularService   : Vorname Anna im Formular uebernommen
2026-07-04 10:00:41.000  INFO  12345 --- [main] de.app.VorgangService    : Sachbearbeiter Schmidt hat Vorgang uebernommen
2026-07-04 10:00:42.000  INFO  12345 --- [main] de.app.MelderegisterDAO  : Umzug nach Hamburg gemeldet
2026-07-04 10:00:43.000  INFO  12345 --- [main] de.app.BefundService     : Befund Diabetes dokumentiert
2026-07-04 10:00:44.000  INFO  12345 --- [main] de.app.BefundService     : Diagnose:F32.1 an Kasse uebermittelt
2026-07-04 10:00:45.000  INFO  12345 --- [main] de.app.NotfallService    : Blutgruppe: AB+ im Notfallpass vermerkt
2026-07-04 10:00:46.000  INFO  12345 --- [main] de.app.PflegeService     : Pflegegrad 3 bewilligt
2026-07-04 10:00:47.000  INFO  12345 --- [main] de.app.SchwerbehService  : GdB 50 anerkannt
2026-07-04 10:00:48.000  INFO  12345 --- [main] de.app.GehaltService     : Gehalt 4850 EUR ausgezahlt
2026-07-04 10:00:49.000  INFO  12345 --- [main] de.app.SterbefallDAO     : Sterbedatum 2025-11-03 nacherfasst
2026-07-04 10:00:50.000  INFO  12345 --- [main] de.app.RenteService      : Entgeltpunkte 34.5 berechnet
2026-07-04 10:00:51.000  INFO  12345 --- [main] de.app.GeburtsdatumDAO   : Geburtsdatum 1983-05-17 verifiziert
